{
  "RSpec": {
    "coverage": {
      "/home/prashant/rails/Details/app/models/user.rb": [
        1,
        null,
        null,
        1,
        null,
        null,
        null,
        1,
        null,
        null
      ],
      "/home/prashant/rails/Details/app/controllers/application_controller.rb": [
        1,
        1,
        null
      ],
      "/home/prashant/rails/Details/app/helpers/application_helper.rb": [
        1,
        null
      ],
      "/home/prashant/rails/Details/app/helpers/employee_helper.rb": [
        1,
        null
      ],
      "/home/prashant/rails/Details/app/controllers/employee_controller.rb": [
        1,
        1,
        null,
        1,
        null,
        1,
        null,
        null,
        null,
        1,
        1,
        null,
        null,
        null,
        1,
        2,
        2,
        2,
        2,
        1,
        null,
        1,
        1,
        null,
        null,
        null,
        null,
        1,
        1,
        null,
        null,
        null,
        null,
        null,
        null,
        null,
        null,
        null,
        null,
        1,
        1,
        null,
        null,
        1,
        1,
        null,
        null,
        1,
        2,
        2,
        1,
        null,
        1,
        null,
        null,
        null,
        1,
        1,
        1,
        1,
        null,
        null,
        null
      ],
      "/home/prashant/rails/Details/app/models/employee.rb": [
        1,
        1,
        null,
        null,
        null,
        null,
        1,
        null,
        null,
        1,
        1,
        null,
        null
      ]
    },
    "timestamp": 1338869888
  }
}
